import _frozen_importlib # frozen
import _imp # builtin
import '_thread' # <class '_frozen_importlib.BuiltinImporter'>
import '_warnings' # <class '_frozen_importlib.BuiltinImporter'>
import '_weakref' # <class '_frozen_importlib.BuiltinImporter'>
import '_io' # <class '_frozen_importlib.BuiltinImporter'>
import 'marshal' # <class '_frozen_importlib.BuiltinImporter'>
import 'posix' # <class '_frozen_importlib.BuiltinImporter'>
import '_frozen_importlib_external' # <class '_frozen_importlib.FrozenImporter'>
# installing zipimport hook
import 'time' # <class '_frozen_importlib.BuiltinImporter'>
import 'zipimport' # <class '_frozen_importlib.FrozenImporter'>
# installed zipimport hook
# /Library/Frameworks/Python.framework/Versions/3.14/lib/python3.14/encodings/__pycache__/__init__.cpython-314.pyc matches /Library/Frameworks/Python.framework/Versions/3.14/lib/python3.14/encodings/__init__.py
# code object from '/Library/Frameworks/Python.framework/Versions/3.14/lib/python3.14/encodings/__pycache__/__init__.cpython-314.pyc'
import '_codecs' # <class '_frozen_importlib.BuiltinImporter'>
import 'codecs' # <class '_frozen_importlib.FrozenImporter'>
# /Library/Frameworks/Python.framework/Versions/3.14/lib/python3.14/encodings/__pycache__/aliases.cpython-314.pyc matches /Library/Frameworks/Python.framework/Versions/3.14/lib/python3.14/encodings/aliases.py
# code object from '/Library/Frameworks/Python.framework/Versions/3.14/lib/python3.14/encodings/__pycache__/aliases.cpython-314.pyc'
import 'encodings.aliases' # <_frozen_importlib_external.SourceFileLoader object at 0x100aa9f90>
import 'encodings' # <_frozen_importlib_external.SourceFileLoader object at 0x100a252b0>
# /Library/Frameworks/Python.framework/Versions/3.14/lib/python3.14/encodings/__pycache__/utf_8.cpython-314.pyc matches /Library/Frameworks/Python.framework/Versions/3.14/lib/python3.14/encodings/utf_8.py
# code object from '/Library/Frameworks/Python.framework/Versions/3.14/lib/python3.14/encodings/__pycache__/utf_8.cpython-314.pyc'
import 'encodings.utf_8' # <_frozen_importlib_external.SourceFileLoader object at 0x100aaa0d0>
import '_signal' # <class '_frozen_importlib.BuiltinImporter'>
import '_abc' # <class '_frozen_importlib.BuiltinImporter'>
import 'abc' # <class '_frozen_importlib.FrozenImporter'>
import '_stat' # <class '_frozen_importlib.BuiltinImporter'>
import 'stat' # <class '_frozen_importlib.FrozenImporter'>
import '_collections_abc' # <class '_frozen_importlib.FrozenImporter'>
import 'errno' # <class '_frozen_importlib.BuiltinImporter'>
import 'genericpath' # <class '_frozen_importlib.FrozenImporter'>
import 'posixpath' # <class '_frozen_importlib.FrozenImporter'>
import 'os' # <class '_frozen_importlib.FrozenImporter'>
import '_sitebuiltins' # <class '_frozen_importlib.FrozenImporter'>
Processing user site-packages
Processing global site-packages
Adding directory: '/Library/Frameworks/Python.framework/Versions/3.14/lib/python3.14/site-packages'
Processing .pth file: '/Library/Frameworks/Python.framework/Versions/3.14/lib/python3.14/site-packages/distutils-precedence.pth'
# /Library/Frameworks/Python.framework/Versions/3.14/lib/python3.14/encodings/__pycache__/utf_8_sig.cpython-314.pyc matches /Library/Frameworks/Python.framework/Versions/3.14/lib/python3.14/encodings/utf_8_sig.py
# code object from '/Library/Frameworks/Python.framework/Versions/3.14/lib/python3.14/encodings/__pycache__/utf_8_sig.cpython-314.pyc'
import 'encodings.utf_8_sig' # <_frozen_importlib_external.SourceFileLoader object at 0x100aae060>
# /Library/Frameworks/Python.framework/Versions/3.14/lib/python3.14/site-packages/_distutils_hack/__pycache__/__init__.cpython-314.pyc matches /Library/Frameworks/Python.framework/Versions/3.14/lib/python3.14/site-packages/_distutils_hack/__init__.py
# code object from '/Library/Frameworks/Python.framework/Versions/3.14/lib/python3.14/site-packages/_distutils_hack/__pycache__/__init__.cpython-314.pyc'
import '_distutils_hack' # <_frozen_importlib_external.SourceFileLoader object at 0x100aaeb10>
import 'site' # <class '_frozen_importlib.FrozenImporter'>
Python 3.14.0 (v3.14.0:ebf955df7a8, Oct  7 2025, 08:20:14) [Clang 16.0.0 (clang-1600.0.26.6)] on darwin
Type "help", "copyright", "credits" or "license" for more information.
# /Library/Frameworks/Python.framework/Versions/3.14/lib/python3.14/__pycache__/linecache.cpython-314.pyc matches /Library/Frameworks/Python.framework/Versions/3.14/lib/python3.14/linecache.py
# code object from '/Library/Frameworks/Python.framework/Versions/3.14/lib/python3.14/__pycache__/linecache.cpython-314.pyc'
import 'linecache' # <_frozen_importlib_external.SourceFileLoader object at 0x1014ccb90>
# /Library/Frameworks/Python.framework/Versions/3.14/lib/python3.14/tkinter/__pycache__/__init__.cpython-314.pyc matches /Library/Frameworks/Python.framework/Versions/3.14/lib/python3.14/tkinter/__init__.py
# code object from '/Library/Frameworks/Python.framework/Versions/3.14/lib/python3.14/tkinter/__pycache__/__init__.cpython-314.pyc'
# /Library/Frameworks/Python.framework/Versions/3.14/lib/python3.14/collections/__pycache__/__init__.cpython-314.pyc matches /Library/Frameworks/Python.framework/Versions/3.14/lib/python3.14/collections/__init__.py
# code object from '/Library/Frameworks/Python.framework/Versions/3.14/lib/python3.14/collections/__pycache__/__init__.cpython-314.pyc'
import 'itertools' # <class '_frozen_importlib.BuiltinImporter'>
# /Library/Frameworks/Python.framework/Versions/3.14/lib/python3.14/__pycache__/keyword.cpython-314.pyc matches /Library/Frameworks/Python.framework/Versions/3.14/lib/python3.14/keyword.py
# code object from '/Library/Frameworks/Python.framework/Versions/3.14/lib/python3.14/__pycache__/keyword.cpython-314.pyc'
import 'keyword' # <_frozen_importlib_external.SourceFileLoader object at 0x101564a50>
# /Library/Frameworks/Python.framework/Versions/3.14/lib/python3.14/__pycache__/operator.cpython-314.pyc matches /Library/Frameworks/Python.framework/Versions/3.14/lib/python3.14/operator.py
# code object from '/Library/Frameworks/Python.framework/Versions/3.14/lib/python3.14/__pycache__/operator.cpython-314.pyc'
import '_operator' # <class '_frozen_importlib.BuiltinImporter'>
import 'operator' # <_frozen_importlib_external.SourceFileLoader object at 0x1015ac850>
# /Library/Frameworks/Python.framework/Versions/3.14/lib/python3.14/__pycache__/reprlib.cpython-314.pyc matches /Library/Frameworks/Python.framework/Versions/3.14/lib/python3.14/reprlib.py
# code object from '/Library/Frameworks/Python.framework/Versions/3.14/lib/python3.14/__pycache__/reprlib.cpython-314.pyc'
import 'reprlib' # <_frozen_importlib_external.SourceFileLoader object at 0x1014d24e0>
import '_collections' # <class '_frozen_importlib.BuiltinImporter'>
import 'collections' # <_frozen_importlib_external.SourceFileLoader object at 0x1014b2e00>
# /Library/Frameworks/Python.framework/Versions/3.14/lib/python3.14/__pycache__/enum.cpython-314.pyc matches /Library/Frameworks/Python.framework/Versions/3.14/lib/python3.14/enum.py
# code object from '/Library/Frameworks/Python.framework/Versions/3.14/lib/python3.14/__pycache__/enum.cpython-314.pyc'
# /Library/Frameworks/Python.framework/Versions/3.14/lib/python3.14/__pycache__/types.cpython-314.pyc matches /Library/Frameworks/Python.framework/Versions/3.14/lib/python3.14/types.py
# code object from '/Library/Frameworks/Python.framework/Versions/3.14/lib/python3.14/__pycache__/types.cpython-314.pyc'
import '_types' # <class '_frozen_importlib.BuiltinImporter'>
import 'types' # <_frozen_importlib_external.SourceFileLoader object at 0x1014f2eb0>
import 'enum' # <_frozen_importlib_external.SourceFileLoader object at 0x1014d1310>
# extension module '_tkinter' loaded from '/Library/Frameworks/Python.framework/Versions/3.14/lib/python3.14/lib-dynload/_tkinter.cpython-314-darwin.so'
# extension module '_tkinter' executed from '/Library/Frameworks/Python.framework/Versions/3.14/lib/python3.14/lib-dynload/_tkinter.cpython-314-darwin.so'
import '_tkinter' # <_frozen_importlib_external.ExtensionFileLoader object at 0x1015a1160>
# /Library/Frameworks/Python.framework/Versions/3.14/lib/python3.14/tkinter/__pycache__/constants.cpython-314.pyc matches /Library/Frameworks/Python.framework/Versions/3.14/lib/python3.14/tkinter/constants.py
# code object from '/Library/Frameworks/Python.framework/Versions/3.14/lib/python3.14/tkinter/__pycache__/constants.cpython-314.pyc'
import 'tkinter.constants' # <_frozen_importlib_external.SourceFileLoader object at 0x1015d4750>
# /Library/Frameworks/Python.framework/Versions/3.14/lib/python3.14/re/__pycache__/__init__.cpython-314.pyc matches /Library/Frameworks/Python.framework/Versions/3.14/lib/python3.14/re/__init__.py
# code object from '/Library/Frameworks/Python.framework/Versions/3.14/lib/python3.14/re/__pycache__/__init__.cpython-314.pyc'
# /Library/Frameworks/Python.framework/Versions/3.14/lib/python3.14/re/__pycache__/_compiler.cpython-314.pyc matches /Library/Frameworks/Python.framework/Versions/3.14/lib/python3.14/re/_compiler.py
# code object from '/Library/Frameworks/Python.framework/Versions/3.14/lib/python3.14/re/__pycache__/_compiler.cpython-314.pyc'
import '_sre' # <class '_frozen_importlib.BuiltinImporter'>
# /Library/Frameworks/Python.framework/Versions/3.14/lib/python3.14/re/__pycache__/_parser.cpython-314.pyc matches /Library/Frameworks/Python.framework/Versions/3.14/lib/python3.14/re/_parser.py
# code object from '/Library/Frameworks/Python.framework/Versions/3.14/lib/python3.14/re/__pycache__/_parser.cpython-314.pyc'
# /Library/Frameworks/Python.framework/Versions/3.14/lib/python3.14/re/__pycache__/_constants.cpython-314.pyc matches /Library/Frameworks/Python.framework/Versions/3.14/lib/python3.14/re/_constants.py
# code object from '/Library/Frameworks/Python.framework/Versions/3.14/lib/python3.14/re/__pycache__/_constants.cpython-314.pyc'
import 're._constants' # <_frozen_importlib_external.SourceFileLoader object at 0x1015f75f0>
import 're._parser' # <_frozen_importlib_external.SourceFileLoader object at 0x101548590>
# /Library/Frameworks/Python.framework/Versions/3.14/lib/python3.14/re/__pycache__/_casefix.cpython-314.pyc matches /Library/Frameworks/Python.framework/Versions/3.14/lib/python3.14/re/_casefix.py
# code object from '/Library/Frameworks/Python.framework/Versions/3.14/lib/python3.14/re/__pycache__/_casefix.cpython-314.pyc'
import 're._casefix' # <_frozen_importlib_external.SourceFileLoader object at 0x1015f7330>
import 're._compiler' # <_frozen_importlib_external.SourceFileLoader object at 0x100a37a10>
# /Library/Frameworks/Python.framework/Versions/3.14/lib/python3.14/__pycache__/functools.cpython-314.pyc matches /Library/Frameworks/Python.framework/Versions/3.14/lib/python3.14/functools.py
# code object from '/Library/Frameworks/Python.framework/Versions/3.14/lib/python3.14/__pycache__/functools.cpython-314.pyc'
import '_functools' # <class '_frozen_importlib.BuiltinImporter'>
import 'functools' # <_frozen_importlib_external.SourceFileLoader object at 0x101576a30>
# /Library/Frameworks/Python.framework/Versions/3.14/lib/python3.14/__pycache__/copyreg.cpython-314.pyc matches /Library/Frameworks/Python.framework/Versions/3.14/lib/python3.14/copyreg.py
# code object from '/Library/Frameworks/Python.framework/Versions/3.14/lib/python3.14/__pycache__/copyreg.cpython-314.pyc'
import 'copyreg' # <_frozen_importlib_external.SourceFileLoader object at 0x101577610>
import 're' # <_frozen_importlib_external.SourceFileLoader object at 0x1014668f0>
import 'tkinter' # <_frozen_importlib_external.SourceFileLoader object at 0x1014b2be0>
# clear sys.path_importer_cache
# clear sys.path_hooks
# clear builtins._
# clear sys.path
# clear sys.argv
# clear sys.ps1
# clear sys.ps2
# clear sys.last_exc
# clear sys.last_type
# clear sys.last_value
# clear sys.last_traceback
# clear sys.__interactivehook__
# clear sys.meta_path
# restore sys.stdin
# restore sys.stdout
# restore sys.stderr
# cleanup[2] removing sys
# cleanup[2] removing builtins
# cleanup[2] removing _frozen_importlib
# cleanup[2] removing _imp
# cleanup[2] removing _thread
# cleanup[2] removing _warnings
# cleanup[2] removing _weakref
# cleanup[2] removing _io
# cleanup[2] removing marshal
# cleanup[2] removing posix
# cleanup[2] removing _frozen_importlib_external
# cleanup[2] removing time
# cleanup[2] removing zipimport
# destroy zipimport
# cleanup[2] removing _codecs
# cleanup[2] removing codecs
# cleanup[2] removing encodings.aliases
# cleanup[2] removing encodings
# destroy encodings
# cleanup[2] removing encodings.utf_8
# cleanup[2] removing _signal
# cleanup[2] removing __main__
# destroy __main__
# cleanup[2] removing _abc
# cleanup[2] removing abc
# cleanup[2] removing _stat
# cleanup[2] removing stat
# cleanup[2] removing _collections_abc
# cleanup[2] removing errno
# cleanup[2] removing genericpath
# cleanup[2] removing posixpath
# cleanup[2] removing os.path
# cleanup[2] removing os
# cleanup[2] removing _sitebuiltins
# cleanup[2] removing encodings.utf_8_sig
# cleanup[2] removing _distutils_hack
# destroy _distutils_hack
# cleanup[2] removing site
# destroy site
# cleanup[2] removing linecache
# destroy linecache
# cleanup[2] removing collections.abc
# cleanup[2] removing itertools
# cleanup[2] removing keyword
# destroy keyword
# cleanup[2] removing _operator
# cleanup[2] removing operator
# destroy operator
# cleanup[2] removing reprlib
# destroy reprlib
# cleanup[2] removing _collections
# cleanup[2] removing collections
# cleanup[2] removing _types
# destroy _types
# cleanup[2] removing types
# cleanup[2] removing enum
# cleanup[2] removing _tkinter
# cleanup[2] removing tkinter.constants
# cleanup[2] removing _sre
# cleanup[2] removing re._constants
# cleanup[2] removing re._parser
# cleanup[2] removing re._casefix
# cleanup[2] removing re._compiler
# cleanup[2] removing _functools
# cleanup[2] removing functools
# cleanup[2] removing copyreg
# cleanup[2] removing re
# cleanup[2] removing tkinter
# destroy tkinter
# destroy _signal
# destroy _stat
# destroy time
# destroy _sitebuiltins
# destroy errno
# destroy genericpath
# destroy abc
# destroy stat
# destroy posixpath
# destroy os
# destroy _abc
# destroy _functools
# destroy _collections_abc
# destroy _operator
# destroy _collections
# destroy collections
# destroy types
# destroy tkinter.constants
# destroy re
# destroy itertools
# destroy enum
# destroy re._constants
# destroy re._parser
# destroy re._casefix
# destroy re._compiler
# destroy functools
# destroy _sre
# destroy copyreg
# cleanup[3] wiping _tkinter
# cleanup[3] wiping encodings.utf_8_sig
# cleanup[3] wiping encodings.utf_8
# cleanup[3] wiping encodings.aliases
# cleanup[3] wiping codecs
# cleanup[3] wiping _codecs
# cleanup[3] wiping _frozen_importlib_external
# cleanup[3] wiping posix
# cleanup[3] wiping marshal
# destroy marshal
# cleanup[3] wiping _io
# cleanup[3] wiping _weakref
# cleanup[3] wiping _warnings
# cleanup[3] wiping _thread
# cleanup[3] wiping _imp
# cleanup[3] wiping _frozen_importlib
# destroy _warnings
# destroy _weakref
# destroy _frozen_importlib_external
# destroy _imp
# cleanup[3] wiping sys
# cleanup[3] wiping builtins
# destroy sys.monitoring
# destroy sys._jit
# destroy _io
# destroy _thread
# destroy posix
# clear sys.meta_path
# clear sys.modules
# destroy _frozen_importlib
# destroy _tkinter
# destroy builtins
# destroy codecs
# destroy sys
# destroy encodings.aliases
# destroy encodings.utf_8
# destroy encodings.utf_8_sig
# destroy _codecs
# clear sys.audit hooks
